<?xml version="1.0" encoding="UTF-8"?>
<!-- Generated by org.testng.reporters.JUnitXMLReporter -->
<testsuite ignored="3" hostname="DESKTOP-0RJKMEL" failures="0" tests="1" name="Default test" time="22.488" errors="0" timestamp="2023-11-16T17:22:31 IST">
  <testcase classname="tests.Test1" name="toVerifyLoginFunctionality" time="5.142"/>
  <testcase classname="tests.Test1" name="toVerifyFindLoginInfo" time="0.0">
    <ignored/>
  </testcase> <!-- toVerifyFindLoginInfo -->
  <testcase classname="tests.Test1" name="toVerifyOpenApp" time="0.0">
    <ignored/>
  </testcase> <!-- toVerifyOpenApp -->
  <testcase classname="tests.Test1" name="toVerifyNewUserRegistration" time="0.0">
    <ignored/>
  </testcase> <!-- toVerifyNewUserRegistration -->
</testsuite> <!-- Default test -->
