<?xml version="1.0" encoding="UTF-8"?>
<testng-results ignored="3" total="4" passed="1" failed="0" skipped="0">
  <reporter-output>
  </reporter-output>
  <suite started-at="2023-11-16T17:22:09 IST" name="Default suite" finished-at="2023-11-16T17:22:31 IST" duration-ms="22488">
    <groups>
    </groups>
    <test started-at="2023-11-16T17:22:09 IST" name="Default test" finished-at="2023-11-16T17:22:31 IST" duration-ms="22488">
      <class name="tests.Test1">
        <test-method is-config="true" signature="launchBrowser()[pri:0, instance:tests.Test1@6404f418]" started-at="2023-11-16T17:22:09 IST" name="launchBrowser" finished-at="2023-11-16T17:22:20 IST" duration-ms="10796" status="PASS">
          <reporter-output>
          </reporter-output>
        </test-method> <!-- launchBrowser -->
        <test-method signature="toVerifyLoginFunctionality()[pri:0, instance:tests.Test1@6404f418]" started-at="2023-11-16T17:22:20 IST" name="toVerifyLoginFunctionality" finished-at="2023-11-16T17:22:25 IST" duration-ms="5142" status="PASS">
          <reporter-output>
          </reporter-output>
        </test-method> <!-- toVerifyLoginFunctionality -->
        <test-method is-config="true" signature="exitBrowser()[pri:0, instance:tests.Test1@6404f418]" started-at="2023-11-16T17:22:25 IST" name="exitBrowser" finished-at="2023-11-16T17:22:31 IST" duration-ms="6510" status="PASS">
          <reporter-output>
          </reporter-output>
        </test-method> <!-- exitBrowser -->
      </class> <!-- tests.Test1 -->
    </test> <!-- Default test -->
  </suite> <!-- Default suite -->
</testng-results>
